<?xml version="1.0" encoding="UTF-8"?>
<testsuite name="react.app.server.account.UserAuthenticationIntegrationTest" time="0.404" tests="3" errors="0" skipped="0" failures="0">
  <properties>
[...]
</properties>
  <testcase name="userAuthenticates" classname="react.app.server.account.UserAuthenticationIntegrationTest" time="0.368"/>
  <testcase name="requiresAuthentication" classname="react.app.server.account.UserAuthenticationIntegrationTest" time="0.03"/>
  <testcase name="userAuthenticationFails" classname="react.app.server.account.UserAuthenticationIntegrationTest" time="0.006"/>
</testsuite>